
EnvironmentNameNotFound: Could not find conda environment: mlfold
You can list all discoverable environments with `conda info --envs`.


Discarded {'bad_chars': 0, 'too_long': 0, 'bad_seq_length': 0}
Fixed positions dictionary is loaded
PSSM is NOT loaded, or NOT provided
Omit AA dictionary is NOT loaded, or NOT provided
Tied positions dictionary is loaded
AA bias dictionary is not loaded, or not provided
Generating sequences...
d5_D9_chainA_Ala_trans55.5_rot90_0001_intra1_inter1_N35_C0_43_0
Generating sequences for: d5_D9_chainA_Ala_trans55.5_rot90_0001_intra1_inter1_N35_C0_43_0
8 sequences of length 942 generated in 4.4117 seconds
d5_D9_chainA_Ala_trans53.5_rot30_0001_intra1_inter1_N30_C0_30_4
Generating sequences for: d5_D9_chainA_Ala_trans53.5_rot30_0001_intra1_inter1_N30_C0_30_4
8 sequences of length 912 generated in 4.132 seconds
d5_D9_chainA_Ala_trans54.5_rot30_0001_intra1_inter1_N40_C0_24_3
Generating sequences for: d5_D9_chainA_Ala_trans54.5_rot30_0001_intra1_inter1_N40_C0_24_3
8 sequences of length 972 generated in 4.5106 seconds
d5_D9_chainA_Ala_trans53.5_rot90_0001_intra1_inter1_N25_C0_1_0
Generating sequences for: d5_D9_chainA_Ala_trans53.5_rot90_0001_intra1_inter1_N25_C0_1_0
8 sequences of length 882 generated in 3.8579 seconds
d5_D9_chainA_Ala_trans53.0_rot90_0001_intra1_inter1_N25_C0_25_2
Generating sequences for: d5_D9_chainA_Ala_trans53.0_rot90_0001_intra1_inter1_N25_C0_25_2
8 sequences of length 882 generated in 3.8621 seconds
d5_D9_chainA_Ala_trans53.0_rot90_0001_intra1_inter1_N30_C0_26_1
Generating sequences for: d5_D9_chainA_Ala_trans53.0_rot90_0001_intra1_inter1_N30_C0_26_1
8 sequences of length 912 generated in 4.0886 seconds
d5_D9_chainA_Ala_trans53.5_rot30_0001_intra1_inter1_N30_C0_30_3
Generating sequences for: d5_D9_chainA_Ala_trans53.5_rot30_0001_intra1_inter1_N30_C0_30_3
8 sequences of length 912 generated in 4.0704 seconds
d5_D9_chainA_Ala_trans54.5_rot30_0001_intra1_inter1_N40_C0_24_4
Generating sequences for: d5_D9_chainA_Ala_trans54.5_rot30_0001_intra1_inter1_N40_C0_24_4
8 sequences of length 972 generated in 4.5361 seconds
d5_D9_chainA_Ala_trans53.0_rot30_0001_intra1_inter1_N40_C0_8_2
Generating sequences for: d5_D9_chainA_Ala_trans53.0_rot30_0001_intra1_inter1_N40_C0_8_2
8 sequences of length 972 generated in 4.5417 seconds
d5_D9_chainA_Ala_trans54.0_rot90_0001_intra1_inter1_N35_C0_11_2
Generating sequences for: d5_D9_chainA_Ala_trans54.0_rot90_0001_intra1_inter1_N35_C0_11_2
8 sequences of length 942 generated in 4.2902 seconds
d5_D9_chainA_Ala_trans54.5_rot30_0001_intra1_inter1_N30_C0_22_0
Generating sequences for: d5_D9_chainA_Ala_trans54.5_rot30_0001_intra1_inter1_N30_C0_22_0
8 sequences of length 912 generated in 4.0711 seconds
d5_D9_chainA_Ala_trans54.5_rot30_0001_intra1_inter1_N25_C0_21_3
Generating sequences for: d5_D9_chainA_Ala_trans54.5_rot30_0001_intra1_inter1_N25_C0_21_3
8 sequences of length 882 generated in 3.8749 seconds
d5_D9_chainA_Ala_trans53.0_rot30_0001_intra1_inter1_N35_C0_7_0
Generating sequences for: d5_D9_chainA_Ala_trans53.0_rot30_0001_intra1_inter1_N35_C0_7_0
8 sequences of length 942 generated in 4.3059 seconds
d5_D9_chainA_Ala_trans54.5_rot30_0001_intra1_inter1_N25_C0_21_4
Generating sequences for: d5_D9_chainA_Ala_trans54.5_rot30_0001_intra1_inter1_N25_C0_21_4
8 sequences of length 882 generated in 3.9191 seconds
d5_D9_chainA_Ala_trans53.0_rot30_0001_intra1_inter1_N30_C0_6_1
Generating sequences for: d5_D9_chainA_Ala_trans53.0_rot30_0001_intra1_inter1_N30_C0_6_1
8 sequences of length 912 generated in 4.0726 seconds
d5_D9_chainA_Ala_trans53.0_rot90_0001_intra1_inter1_N35_C0_27_3
Generating sequences for: d5_D9_chainA_Ala_trans53.0_rot90_0001_intra1_inter1_N35_C0_27_3
8 sequences of length 942 generated in 4.2842 seconds
d5_D9_chainA_Ala_trans53.5_rot30_0001_intra1_inter1_N35_C0_31_1
Generating sequences for: d5_D9_chainA_Ala_trans53.5_rot30_0001_intra1_inter1_N35_C0_31_1
8 sequences of length 942 generated in 4.2714 seconds
d5_D9_chainA_Ala_trans54.0_rot30_0001_intra1_inter1_N40_C0_48_4
Generating sequences for: d5_D9_chainA_Ala_trans54.0_rot30_0001_intra1_inter1_N40_C0_48_4
8 sequences of length 972 generated in 4.4863 seconds
d5_D9_chainA_Ala_trans55.5_rot30_0001_intra1_inter1_N40_C0_16_1
Generating sequences for: d5_D9_chainA_Ala_trans55.5_rot30_0001_intra1_inter1_N40_C0_16_1
8 sequences of length 972 generated in 4.4974 seconds
d5_D9_chainA_Ala_trans55.5_rot90_0001_intra1_inter1_N30_C0_42_2
Generating sequences for: d5_D9_chainA_Ala_trans55.5_rot90_0001_intra1_inter1_N30_C0_42_2
8 sequences of length 912 generated in 4.0694 seconds
d5_D9_chainA_Ala_trans54.0_rot30_0001_intra1_inter1_N40_C0_48_3
Generating sequences for: d5_D9_chainA_Ala_trans54.0_rot30_0001_intra1_inter1_N40_C0_48_3
8 sequences of length 972 generated in 4.512 seconds
d5_D9_chainA_Ala_trans55.5_rot90_0001_intra1_inter1_N25_C0_41_1
Generating sequences for: d5_D9_chainA_Ala_trans55.5_rot90_0001_intra1_inter1_N25_C0_41_1
8 sequences of length 882 generated in 3.8601 seconds
d5_D9_chainA_Ala_trans53.0_rot90_0001_intra1_inter1_N35_C0_27_4
Generating sequences for: d5_D9_chainA_Ala_trans53.0_rot90_0001_intra1_inter1_N35_C0_27_4
8 sequences of length 942 generated in 4.2796 seconds
d5_D9_chainA_Ala_trans53.5_rot90_0001_intra1_inter1_N40_C0_4_2
Generating sequences for: d5_D9_chainA_Ala_trans53.5_rot90_0001_intra1_inter1_N40_C0_4_2
8 sequences of length 972 generated in 4.5006 seconds
d5_D9_chainA_Ala_trans54.5_rot90_0001_intra1_inter1_N25_C0_33_2
Generating sequences for: d5_D9_chainA_Ala_trans54.5_rot90_0001_intra1_inter1_N25_C0_33_2
8 sequences of length 882 generated in 3.8613 seconds
d5_D9_chainA_Ala_trans55.5_rot30_0001_intra1_inter1_N25_C0_13_1
Generating sequences for: d5_D9_chainA_Ala_trans55.5_rot30_0001_intra1_inter1_N25_C0_13_1
8 sequences of length 882 generated in 3.8695 seconds
d5_D9_chainA_Ala_trans54.0_rot90_0001_intra1_inter1_N30_C0_10_0
Generating sequences for: d5_D9_chainA_Ala_trans54.0_rot90_0001_intra1_inter1_N30_C0_10_0
8 sequences of length 912 generated in 4.1082 seconds
d5_D9_chainA_Ala_trans54.5_rot30_0001_intra1_inter1_N35_C0_23_2
Generating sequences for: d5_D9_chainA_Ala_trans54.5_rot30_0001_intra1_inter1_N35_C0_23_2
8 sequences of length 942 generated in 4.3094 seconds
d5_D9_chainA_Ala_trans54.5_rot90_0001_intra1_inter1_N40_C0_36_2
Generating sequences for: d5_D9_chainA_Ala_trans54.5_rot90_0001_intra1_inter1_N40_C0_36_2
8 sequences of length 972 generated in 4.5062 seconds
d5_D9_chainA_Ala_trans53.5_rot30_0001_intra1_inter1_N25_C0_29_0
Generating sequences for: d5_D9_chainA_Ala_trans53.5_rot30_0001_intra1_inter1_N25_C0_29_0
8 sequences of length 882 generated in 3.8851 seconds
d5_D9_chainA_Ala_trans55.5_rot90_0001_intra1_inter1_N40_C0_44_1
Generating sequences for: d5_D9_chainA_Ala_trans55.5_rot90_0001_intra1_inter1_N40_C0_44_1
8 sequences of length 972 generated in 4.5294 seconds
d5_D9_chainA_Ala_trans55.0_rot30_0001_intra1_inter1_N25_C0_37_2
Generating sequences for: d5_D9_chainA_Ala_trans55.0_rot30_0001_intra1_inter1_N25_C0_37_2
8 sequences of length 882 generated in 3.8811 seconds
d5_D9_chainA_Ala_trans54.0_rot30_0001_intra1_inter1_N25_C0_45_1
Generating sequences for: d5_D9_chainA_Ala_trans54.0_rot30_0001_intra1_inter1_N25_C0_45_1
8 sequences of length 882 generated in 3.8909 seconds
d5_D9_chainA_Ala_trans54.0_rot30_0001_intra1_inter1_N30_C0_46_2
Generating sequences for: d5_D9_chainA_Ala_trans54.0_rot30_0001_intra1_inter1_N30_C0_46_2
8 sequences of length 912 generated in 4.0896 seconds
d5_D9_chainA_Ala_trans54.5_rot90_0001_intra1_inter1_N30_C0_34_4
Generating sequences for: d5_D9_chainA_Ala_trans54.5_rot90_0001_intra1_inter1_N30_C0_34_4
8 sequences of length 912 generated in 4.0714 seconds
d5_D9_chainA_Ala_trans54.0_rot90_0001_intra1_inter1_N25_C0_9_3
Generating sequences for: d5_D9_chainA_Ala_trans54.0_rot90_0001_intra1_inter1_N25_C0_9_3
8 sequences of length 882 generated in 3.8671 seconds
d5_D9_chainA_Ala_trans53.5_rot90_0001_intra1_inter1_N30_C0_2_3
Generating sequences for: d5_D9_chainA_Ala_trans53.5_rot90_0001_intra1_inter1_N30_C0_2_3
8 sequences of length 912 generated in 4.0743 seconds
d5_D9_chainA_Ala_trans53.5_rot90_0001_intra1_inter1_N35_C0_3_2
Generating sequences for: d5_D9_chainA_Ala_trans53.5_rot90_0001_intra1_inter1_N35_C0_3_2
8 sequences of length 942 generated in 4.2966 seconds
d5_D9_chainA_Ala_trans54.0_rot90_0001_intra1_inter1_N40_C0_12_1
Generating sequences for: d5_D9_chainA_Ala_trans54.0_rot90_0001_intra1_inter1_N40_C0_12_1
8 sequences of length 972 generated in 4.5426 seconds
d5_D9_chainA_Ala_trans55.0_rot90_0001_intra1_inter1_N35_C0_19_0
Generating sequences for: d5_D9_chainA_Ala_trans55.0_rot90_0001_intra1_inter1_N35_C0_19_0
8 sequences of length 942 generated in 4.3372 seconds
d5_D9_chainA_Ala_trans54.5_rot90_0001_intra1_inter1_N30_C0_34_3
Generating sequences for: d5_D9_chainA_Ala_trans54.5_rot90_0001_intra1_inter1_N30_C0_34_3
8 sequences of length 912 generated in 4.0791 seconds
d5_D9_chainA_Ala_trans54.0_rot90_0001_intra1_inter1_N25_C0_9_4
Generating sequences for: d5_D9_chainA_Ala_trans54.0_rot90_0001_intra1_inter1_N25_C0_9_4
8 sequences of length 882 generated in 3.8629 seconds
d5_D9_chainA_Ala_trans53.5_rot90_0001_intra1_inter1_N30_C0_2_4
Generating sequences for: d5_D9_chainA_Ala_trans53.5_rot90_0001_intra1_inter1_N30_C0_2_4
8 sequences of length 912 generated in 4.082 seconds
d5_D9_chainA_Ala_trans53.0_rot30_0001_intra1_inter1_N25_C0_5_2
Generating sequences for: d5_D9_chainA_Ala_trans53.0_rot30_0001_intra1_inter1_N25_C0_5_2
8 sequences of length 882 generated in 3.8706 seconds
d5_D9_chainA_Ala_trans55.5_rot30_0001_intra1_inter1_N30_C0_14_0
Generating sequences for: d5_D9_chainA_Ala_trans55.5_rot30_0001_intra1_inter1_N30_C0_14_0
8 sequences of length 912 generated in 4.0841 seconds
d5_D9_chainA_Ala_trans55.0_rot30_0001_intra1_inter1_N30_C0_38_1
Generating sequences for: d5_D9_chainA_Ala_trans55.0_rot30_0001_intra1_inter1_N30_C0_38_1
8 sequences of length 912 generated in 4.0881 seconds
d5_D9_chainA_Ala_trans55.0_rot90_0001_intra1_inter1_N30_C0_18_2
Generating sequences for: d5_D9_chainA_Ala_trans55.0_rot90_0001_intra1_inter1_N30_C0_18_2
8 sequences of length 912 generated in 4.0928 seconds
d5_D9_chainA_Ala_trans54.5_rot90_0001_intra1_inter1_N35_C0_35_1
Generating sequences for: d5_D9_chainA_Ala_trans54.5_rot90_0001_intra1_inter1_N35_C0_35_1
8 sequences of length 942 generated in 4.3008 seconds
d5_D9_chainA_Ala_trans53.0_rot90_0001_intra1_inter1_N40_C0_28_0
Generating sequences for: d5_D9_chainA_Ala_trans53.0_rot90_0001_intra1_inter1_N40_C0_28_0
8 sequences of length 972 generated in 4.4878 seconds
d5_D9_chainA_Ala_trans55.0_rot90_0001_intra1_inter1_N40_C0_20_4
Generating sequences for: d5_D9_chainA_Ala_trans55.0_rot90_0001_intra1_inter1_N40_C0_20_4
8 sequences of length 972 generated in 4.4983 seconds
d5_D9_chainA_Ala_trans55.0_rot90_0001_intra1_inter1_N40_C0_20_3
Generating sequences for: d5_D9_chainA_Ala_trans55.0_rot90_0001_intra1_inter1_N40_C0_20_3
8 sequences of length 972 generated in 4.4952 seconds
d5_D9_chainA_Ala_trans54.0_rot30_0001_intra1_inter1_N35_C0_47_0
Generating sequences for: d5_D9_chainA_Ala_trans54.0_rot30_0001_intra1_inter1_N35_C0_47_0
8 sequences of length 942 generated in 4.3003 seconds
d5_D9_chainA_Ala_trans55.0_rot30_0001_intra1_inter1_N40_C0_40_1
Generating sequences for: d5_D9_chainA_Ala_trans55.0_rot30_0001_intra1_inter1_N40_C0_40_1
8 sequences of length 972 generated in 4.5194 seconds
d5_D9_chainA_Ala_trans55.0_rot30_0001_intra1_inter1_N35_C0_39_3
Generating sequences for: d5_D9_chainA_Ala_trans55.0_rot30_0001_intra1_inter1_N35_C0_39_3
8 sequences of length 942 generated in 4.2916 seconds
d5_D9_chainA_Ala_trans53.5_rot30_0001_intra1_inter1_N40_C0_32_2
Generating sequences for: d5_D9_chainA_Ala_trans53.5_rot30_0001_intra1_inter1_N40_C0_32_2
8 sequences of length 972 generated in 4.5312 seconds
d5_D9_chainA_Ala_trans55.0_rot30_0001_intra1_inter1_N35_C0_39_4
Generating sequences for: d5_D9_chainA_Ala_trans55.0_rot30_0001_intra1_inter1_N35_C0_39_4
8 sequences of length 942 generated in 4.3026 seconds
d5_D9_chainA_Ala_trans55.0_rot90_0001_intra1_inter1_N25_C0_17_1
Generating sequences for: d5_D9_chainA_Ala_trans55.0_rot90_0001_intra1_inter1_N25_C0_17_1
8 sequences of length 882 generated in 3.8628 seconds
d5_D9_chainA_Ala_trans55.5_rot30_0001_intra1_inter1_N35_C0_15_2
Generating sequences for: d5_D9_chainA_Ala_trans55.5_rot30_0001_intra1_inter1_N35_C0_15_2
8 sequences of length 942 generated in 4.3306 seconds
d5_D9_chainA_Ala_trans54.0_rot90_0001_intra1_inter1_N30_C0_10_1
Generating sequences for: d5_D9_chainA_Ala_trans54.0_rot90_0001_intra1_inter1_N30_C0_10_1
8 sequences of length 912 generated in 4.1158 seconds
d5_D9_chainA_Ala_trans54.5_rot30_0001_intra1_inter1_N35_C0_23_3
Generating sequences for: d5_D9_chainA_Ala_trans54.5_rot30_0001_intra1_inter1_N35_C0_23_3
8 sequences of length 942 generated in 4.3083 seconds
d5_D9_chainA_Ala_trans54.5_rot90_0001_intra1_inter1_N40_C0_36_3
Generating sequences for: d5_D9_chainA_Ala_trans54.5_rot90_0001_intra1_inter1_N40_C0_36_3
8 sequences of length 972 generated in 4.5476 seconds
d5_D9_chainA_Ala_trans53.5_rot30_0001_intra1_inter1_N25_C0_29_1
Generating sequences for: d5_D9_chainA_Ala_trans53.5_rot30_0001_intra1_inter1_N25_C0_29_1
8 sequences of length 882 generated in 3.869 seconds
d5_D9_chainA_Ala_trans55.5_rot90_0001_intra1_inter1_N40_C0_44_0
Generating sequences for: d5_D9_chainA_Ala_trans55.5_rot90_0001_intra1_inter1_N40_C0_44_0
8 sequences of length 972 generated in 4.5106 seconds
d5_D9_chainA_Ala_trans55.5_rot30_0001_intra1_inter1_N25_C0_13_0
Generating sequences for: d5_D9_chainA_Ala_trans55.5_rot30_0001_intra1_inter1_N25_C0_13_0
8 sequences of length 882 generated in 3.8871 seconds
d5_D9_chainA_Ala_trans54.5_rot30_0001_intra1_inter1_N35_C0_23_4
Generating sequences for: d5_D9_chainA_Ala_trans54.5_rot30_0001_intra1_inter1_N35_C0_23_4
8 sequences of length 942 generated in 4.2986 seconds
d5_D9_chainA_Ala_trans54.5_rot90_0001_intra1_inter1_N40_C0_36_4
Generating sequences for: d5_D9_chainA_Ala_trans54.5_rot90_0001_intra1_inter1_N40_C0_36_4
8 sequences of length 972 generated in 4.5643 seconds
d5_D9_chainA_Ala_trans55.5_rot90_0001_intra1_inter1_N25_C0_41_0
Generating sequences for: d5_D9_chainA_Ala_trans55.5_rot90_0001_intra1_inter1_N25_C0_41_0
8 sequences of length 882 generated in 3.8838 seconds
d5_D9_chainA_Ala_trans55.5_rot90_0001_intra1_inter1_N30_C0_42_3
Generating sequences for: d5_D9_chainA_Ala_trans55.5_rot90_0001_intra1_inter1_N30_C0_42_3
8 sequences of length 912 generated in 4.0847 seconds
d5_D9_chainA_Ala_trans54.0_rot30_0001_intra1_inter1_N40_C0_48_2
Generating sequences for: d5_D9_chainA_Ala_trans54.0_rot30_0001_intra1_inter1_N40_C0_48_2
8 sequences of length 972 generated in 4.5196 seconds
d5_D9_chainA_Ala_trans54.5_rot90_0001_intra1_inter1_N25_C0_33_3
Generating sequences for: d5_D9_chainA_Ala_trans54.5_rot90_0001_intra1_inter1_N25_C0_33_3
8 sequences of length 882 generated in 3.8815 seconds
d5_D9_chainA_Ala_trans53.5_rot90_0001_intra1_inter1_N40_C0_4_3
Generating sequences for: d5_D9_chainA_Ala_trans53.5_rot90_0001_intra1_inter1_N40_C0_4_3
8 sequences of length 972 generated in 4.5394 seconds
d5_D9_chainA_Ala_trans53.0_rot90_0001_intra1_inter1_N35_C0_27_2
Generating sequences for: d5_D9_chainA_Ala_trans53.0_rot90_0001_intra1_inter1_N35_C0_27_2
8 sequences of length 942 generated in 4.3086 seconds
d5_D9_chainA_Ala_trans53.5_rot30_0001_intra1_inter1_N35_C0_31_0
Generating sequences for: d5_D9_chainA_Ala_trans53.5_rot30_0001_intra1_inter1_N35_C0_31_0
8 sequences of length 942 generated in 4.3047 seconds
d5_D9_chainA_Ala_trans53.5_rot90_0001_intra1_inter1_N40_C0_4_4
Generating sequences for: d5_D9_chainA_Ala_trans53.5_rot90_0001_intra1_inter1_N40_C0_4_4
8 sequences of length 972 generated in 4.5102 seconds
d5_D9_chainA_Ala_trans54.5_rot90_0001_intra1_inter1_N25_C0_33_4
Generating sequences for: d5_D9_chainA_Ala_trans54.5_rot90_0001_intra1_inter1_N25_C0_33_4
8 sequences of length 882 generated in 3.8935 seconds
d5_D9_chainA_Ala_trans55.5_rot90_0001_intra1_inter1_N30_C0_42_4
Generating sequences for: d5_D9_chainA_Ala_trans55.5_rot90_0001_intra1_inter1_N30_C0_42_4
8 sequences of length 912 generated in 4.093 seconds
d5_D9_chainA_Ala_trans55.5_rot30_0001_intra1_inter1_N40_C0_16_0
Generating sequences for: d5_D9_chainA_Ala_trans55.5_rot30_0001_intra1_inter1_N40_C0_16_0
8 sequences of length 972 generated in 4.5091 seconds
d5_D9_chainA_Ala_trans54.0_rot90_0001_intra1_inter1_N35_C0_11_4
Generating sequences for: d5_D9_chainA_Ala_trans54.0_rot90_0001_intra1_inter1_N35_C0_11_4
8 sequences of length 942 generated in 4.3215 seconds
d5_D9_chainA_Ala_trans53.0_rot30_0001_intra1_inter1_N30_C0_6_0
Generating sequences for: d5_D9_chainA_Ala_trans53.0_rot30_0001_intra1_inter1_N30_C0_6_0
8 sequences of length 912 generated in 4.0728 seconds
d5_D9_chainA_Ala_trans54.0_rot90_0001_intra1_inter1_N35_C0_11_3
Generating sequences for: d5_D9_chainA_Ala_trans54.0_rot90_0001_intra1_inter1_N35_C0_11_3
8 sequences of length 942 generated in 4.2924 seconds
d5_D9_chainA_Ala_trans54.5_rot30_0001_intra1_inter1_N25_C0_21_2
Generating sequences for: d5_D9_chainA_Ala_trans54.5_rot30_0001_intra1_inter1_N25_C0_21_2
8 sequences of length 882 generated in 3.8618 seconds
d5_D9_chainA_Ala_trans54.5_rot30_0001_intra1_inter1_N30_C0_22_1
Generating sequences for: d5_D9_chainA_Ala_trans54.5_rot30_0001_intra1_inter1_N30_C0_22_1
8 sequences of length 912 generated in 4.0673 seconds
d5_D9_chainA_Ala_trans53.0_rot30_0001_intra1_inter1_N35_C0_7_1
Generating sequences for: d5_D9_chainA_Ala_trans53.0_rot30_0001_intra1_inter1_N35_C0_7_1
8 sequences of length 942 generated in 4.29 seconds
d5_D9_chainA_Ala_trans53.0_rot90_0001_intra1_inter1_N30_C0_26_0
Generating sequences for: d5_D9_chainA_Ala_trans53.0_rot90_0001_intra1_inter1_N30_C0_26_0
8 sequences of length 912 generated in 4.0702 seconds
d5_D9_chainA_Ala_trans53.0_rot90_0001_intra1_inter1_N25_C0_25_3
Generating sequences for: d5_D9_chainA_Ala_trans53.0_rot90_0001_intra1_inter1_N25_C0_25_3
8 sequences of length 882 generated in 3.9192 seconds
d5_D9_chainA_Ala_trans53.5_rot90_0001_intra1_inter1_N25_C0_1_1
Generating sequences for: d5_D9_chainA_Ala_trans53.5_rot90_0001_intra1_inter1_N25_C0_1_1
8 sequences of length 882 generated in 3.866 seconds
d5_D9_chainA_Ala_trans53.5_rot30_0001_intra1_inter1_N30_C0_30_2
Generating sequences for: d5_D9_chainA_Ala_trans53.5_rot30_0001_intra1_inter1_N30_C0_30_2
8 sequences of length 912 generated in 4.074 seconds
d5_D9_chainA_Ala_trans53.0_rot30_0001_intra1_inter1_N40_C0_8_3
Generating sequences for: d5_D9_chainA_Ala_trans53.0_rot30_0001_intra1_inter1_N40_C0_8_3
8 sequences of length 972 generated in 4.5036 seconds
d5_D9_chainA_Ala_trans55.5_rot90_0001_intra1_inter1_N35_C0_43_1
Generating sequences for: d5_D9_chainA_Ala_trans55.5_rot90_0001_intra1_inter1_N35_C0_43_1
8 sequences of length 942 generated in 4.2942 seconds
d5_D9_chainA_Ala_trans53.0_rot30_0001_intra1_inter1_N40_C0_8_4
Generating sequences for: d5_D9_chainA_Ala_trans53.0_rot30_0001_intra1_inter1_N40_C0_8_4
8 sequences of length 972 generated in 4.5267 seconds
d5_D9_chainA_Ala_trans53.0_rot90_0001_intra1_inter1_N25_C0_25_4
Generating sequences for: d5_D9_chainA_Ala_trans53.0_rot90_0001_intra1_inter1_N25_C0_25_4
8 sequences of length 882 generated in 3.9229 seconds
d5_D9_chainA_Ala_trans54.5_rot30_0001_intra1_inter1_N40_C0_24_2
Generating sequences for: d5_D9_chainA_Ala_trans54.5_rot30_0001_intra1_inter1_N40_C0_24_2
8 sequences of length 972 generated in 4.5688 seconds
d5_D9_chainA_Ala_trans53.5_rot30_0001_intra1_inter1_N40_C0_32_3
Generating sequences for: d5_D9_chainA_Ala_trans53.5_rot30_0001_intra1_inter1_N40_C0_32_3
8 sequences of length 972 generated in 4.5197 seconds
d5_D9_chainA_Ala_trans55.5_rot30_0001_intra1_inter1_N35_C0_15_3
Generating sequences for: d5_D9_chainA_Ala_trans55.5_rot30_0001_intra1_inter1_N35_C0_15_3
8 sequences of length 942 generated in 4.2922 seconds
d5_D9_chainA_Ala_trans55.0_rot90_0001_intra1_inter1_N25_C0_17_0
Generating sequences for: d5_D9_chainA_Ala_trans55.0_rot90_0001_intra1_inter1_N25_C0_17_0
8 sequences of length 882 generated in 3.8664 seconds
d5_D9_chainA_Ala_trans55.5_rot30_0001_intra1_inter1_N35_C0_15_4
Generating sequences for: d5_D9_chainA_Ala_trans55.5_rot30_0001_intra1_inter1_N35_C0_15_4
8 sequences of length 942 generated in 4.2999 seconds
d5_D9_chainA_Ala_trans55.0_rot30_0001_intra1_inter1_N40_C0_40_0
Generating sequences for: d5_D9_chainA_Ala_trans55.0_rot30_0001_intra1_inter1_N40_C0_40_0
8 sequences of length 972 generated in 4.5131 seconds
d5_D9_chainA_Ala_trans53.5_rot30_0001_intra1_inter1_N40_C0_32_4
Generating sequences for: d5_D9_chainA_Ala_trans53.5_rot30_0001_intra1_inter1_N40_C0_32_4
8 sequences of length 972 generated in 4.5184 seconds
d5_D9_chainA_Ala_trans55.0_rot30_0001_intra1_inter1_N35_C0_39_2
Generating sequences for: d5_D9_chainA_Ala_trans55.0_rot30_0001_intra1_inter1_N35_C0_39_2
8 sequences of length 942 generated in 4.2883 seconds
d5_D9_chainA_Ala_trans55.0_rot90_0001_intra1_inter1_N40_C0_20_2
Generating sequences for: d5_D9_chainA_Ala_trans55.0_rot90_0001_intra1_inter1_N40_C0_20_2
8 sequences of length 972 generated in 4.5028 seconds
d5_D9_chainA_Ala_trans55.0_rot90_0001_intra1_inter1_N30_C0_18_4
Generating sequences for: d5_D9_chainA_Ala_trans55.0_rot90_0001_intra1_inter1_N30_C0_18_4
8 sequences of length 912 generated in 4.0763 seconds
d5_D9_chainA_Ala_trans54.0_rot30_0001_intra1_inter1_N35_C0_47_1
Generating sequences for: d5_D9_chainA_Ala_trans54.0_rot30_0001_intra1_inter1_N35_C0_47_1
8 sequences of length 942 generated in 4.3055 seconds
d5_D9_chainA_Ala_trans55.0_rot90_0001_intra1_inter1_N30_C0_18_3
Generating sequences for: d5_D9_chainA_Ala_trans55.0_rot90_0001_intra1_inter1_N30_C0_18_3
8 sequences of length 912 generated in 4.0674 seconds
d5_D9_chainA_Ala_trans54.5_rot90_0001_intra1_inter1_N35_C0_35_0
Generating sequences for: d5_D9_chainA_Ala_trans54.5_rot90_0001_intra1_inter1_N35_C0_35_0
8 sequences of length 942 generated in 4.3359 seconds
d5_D9_chainA_Ala_trans53.0_rot90_0001_intra1_inter1_N40_C0_28_1
Generating sequences for: d5_D9_chainA_Ala_trans53.0_rot90_0001_intra1_inter1_N40_C0_28_1
8 sequences of length 972 generated in 4.5233 seconds
d5_D9_chainA_Ala_trans55.0_rot30_0001_intra1_inter1_N30_C0_38_0
Generating sequences for: d5_D9_chainA_Ala_trans55.0_rot30_0001_intra1_inter1_N30_C0_38_0
8 sequences of length 912 generated in 4.0771 seconds
d5_D9_chainA_Ala_trans53.0_rot30_0001_intra1_inter1_N25_C0_5_4
Generating sequences for: d5_D9_chainA_Ala_trans53.0_rot30_0001_intra1_inter1_N25_C0_5_4
8 sequences of length 882 generated in 3.8769 seconds
d5_D9_chainA_Ala_trans53.0_rot30_0001_intra1_inter1_N25_C0_5_3
Generating sequences for: d5_D9_chainA_Ala_trans53.0_rot30_0001_intra1_inter1_N25_C0_5_3
8 sequences of length 882 generated in 3.8933 seconds
d5_D9_chainA_Ala_trans55.5_rot30_0001_intra1_inter1_N30_C0_14_1
Generating sequences for: d5_D9_chainA_Ala_trans55.5_rot30_0001_intra1_inter1_N30_C0_14_1
8 sequences of length 912 generated in 4.1065 seconds
d5_D9_chainA_Ala_trans53.5_rot90_0001_intra1_inter1_N35_C0_3_3
Generating sequences for: d5_D9_chainA_Ala_trans53.5_rot90_0001_intra1_inter1_N35_C0_3_3
8 sequences of length 942 generated in 4.3176 seconds
d5_D9_chainA_Ala_trans54.0_rot90_0001_intra1_inter1_N40_C0_12_0
Generating sequences for: d5_D9_chainA_Ala_trans54.0_rot90_0001_intra1_inter1_N40_C0_12_0
8 sequences of length 972 generated in 4.532 seconds
d5_D9_chainA_Ala_trans54.0_rot30_0001_intra1_inter1_N30_C0_46_4
Generating sequences for: d5_D9_chainA_Ala_trans54.0_rot30_0001_intra1_inter1_N30_C0_46_4
8 sequences of length 912 generated in 4.0862 seconds
d5_D9_chainA_Ala_trans55.0_rot90_0001_intra1_inter1_N35_C0_19_1
Generating sequences for: d5_D9_chainA_Ala_trans55.0_rot90_0001_intra1_inter1_N35_C0_19_1
8 sequences of length 942 generated in 4.3284 seconds
d5_D9_chainA_Ala_trans54.5_rot90_0001_intra1_inter1_N30_C0_34_2
Generating sequences for: d5_D9_chainA_Ala_trans54.5_rot90_0001_intra1_inter1_N30_C0_34_2
8 sequences of length 912 generated in 4.0892 seconds
d5_D9_chainA_Ala_trans55.0_rot30_0001_intra1_inter1_N25_C0_37_4
Generating sequences for: d5_D9_chainA_Ala_trans55.0_rot30_0001_intra1_inter1_N25_C0_37_4
8 sequences of length 882 generated in 3.894 seconds
d5_D9_chainA_Ala_trans55.0_rot30_0001_intra1_inter1_N25_C0_37_3
Generating sequences for: d5_D9_chainA_Ala_trans55.0_rot30_0001_intra1_inter1_N25_C0_37_3
8 sequences of length 882 generated in 3.9134 seconds
d5_D9_chainA_Ala_trans53.5_rot90_0001_intra1_inter1_N35_C0_3_4
Generating sequences for: d5_D9_chainA_Ala_trans53.5_rot90_0001_intra1_inter1_N35_C0_3_4
8 sequences of length 942 generated in 4.3159 seconds
d5_D9_chainA_Ala_trans54.0_rot30_0001_intra1_inter1_N30_C0_46_3
Generating sequences for: d5_D9_chainA_Ala_trans54.0_rot30_0001_intra1_inter1_N30_C0_46_3
8 sequences of length 912 generated in 4.0909 seconds
d5_D9_chainA_Ala_trans54.0_rot30_0001_intra1_inter1_N25_C0_45_0
Generating sequences for: d5_D9_chainA_Ala_trans54.0_rot30_0001_intra1_inter1_N25_C0_45_0
8 sequences of length 882 generated in 3.906 seconds
d5_D9_chainA_Ala_trans54.0_rot90_0001_intra1_inter1_N25_C0_9_2
Generating sequences for: d5_D9_chainA_Ala_trans54.0_rot90_0001_intra1_inter1_N25_C0_9_2
8 sequences of length 882 generated in 3.8637 seconds
d5_D9_chainA_Ala_trans53.5_rot90_0001_intra1_inter1_N30_C0_2_2
Generating sequences for: d5_D9_chainA_Ala_trans53.5_rot90_0001_intra1_inter1_N30_C0_2_2
8 sequences of length 912 generated in 4.0668 seconds
d5_D9_chainA_Ala_trans55.0_rot90_0001_intra1_inter1_N25_C0_17_4
Generating sequences for: d5_D9_chainA_Ala_trans55.0_rot90_0001_intra1_inter1_N25_C0_17_4
8 sequences of length 882 generated in 3.8791 seconds
d5_D9_chainA_Ala_trans55.0_rot30_0001_intra1_inter1_N40_C0_40_3
Generating sequences for: d5_D9_chainA_Ala_trans55.0_rot30_0001_intra1_inter1_N40_C0_40_3
8 sequences of length 972 generated in 4.5036 seconds
d5_D9_chainA_Ala_trans55.0_rot30_0001_intra1_inter1_N35_C0_39_1
Generating sequences for: d5_D9_chainA_Ala_trans55.0_rot30_0001_intra1_inter1_N35_C0_39_1
8 sequences of length 942 generated in 4.3198 seconds
d5_D9_chainA_Ala_trans53.5_rot30_0001_intra1_inter1_N40_C0_32_0
Generating sequences for: d5_D9_chainA_Ala_trans53.5_rot30_0001_intra1_inter1_N40_C0_32_0
8 sequences of length 972 generated in 4.5322 seconds
d5_D9_chainA_Ala_trans55.0_rot90_0001_intra1_inter1_N25_C0_17_3
Generating sequences for: d5_D9_chainA_Ala_trans55.0_rot90_0001_intra1_inter1_N25_C0_17_3
8 sequences of length 882 generated in 3.8859 seconds
d5_D9_chainA_Ala_trans55.0_rot30_0001_intra1_inter1_N40_C0_40_4
Generating sequences for: d5_D9_chainA_Ala_trans55.0_rot30_0001_intra1_inter1_N40_C0_40_4
8 sequences of length 972 generated in 4.4964 seconds
d5_D9_chainA_Ala_trans55.5_rot30_0001_intra1_inter1_N35_C0_15_0
Generating sequences for: d5_D9_chainA_Ala_trans55.5_rot30_0001_intra1_inter1_N35_C0_15_0
8 sequences of length 942 generated in 4.2832 seconds
d5_D9_chainA_Ala_trans55.0_rot90_0001_intra1_inter1_N30_C0_18_0
Generating sequences for: d5_D9_chainA_Ala_trans55.0_rot90_0001_intra1_inter1_N30_C0_18_0
8 sequences of length 912 generated in 4.0766 seconds
d5_D9_chainA_Ala_trans54.5_rot90_0001_intra1_inter1_N35_C0_35_3
Generating sequences for: d5_D9_chainA_Ala_trans54.5_rot90_0001_intra1_inter1_N35_C0_35_3
8 sequences of length 942 generated in 4.3109 seconds
d5_D9_chainA_Ala_trans53.0_rot90_0001_intra1_inter1_N40_C0_28_2
Generating sequences for: d5_D9_chainA_Ala_trans53.0_rot90_0001_intra1_inter1_N40_C0_28_2
8 sequences of length 972 generated in 4.5052 seconds
d5_D9_chainA_Ala_trans55.0_rot90_0001_intra1_inter1_N40_C0_20_1
Generating sequences for: d5_D9_chainA_Ala_trans55.0_rot90_0001_intra1_inter1_N40_C0_20_1
8 sequences of length 972 generated in 4.5164 seconds
d5_D9_chainA_Ala_trans54.0_rot30_0001_intra1_inter1_N35_C0_47_2
Generating sequences for: d5_D9_chainA_Ala_trans54.0_rot30_0001_intra1_inter1_N35_C0_47_2
8 sequences of length 942 generated in 4.3042 seconds
d5_D9_chainA_Ala_trans54.5_rot90_0001_intra1_inter1_N35_C0_35_4
Generating sequences for: d5_D9_chainA_Ala_trans54.5_rot90_0001_intra1_inter1_N35_C0_35_4
8 sequences of length 942 generated in 4.2957 seconds
d5_D9_chainA_Ala_trans55.0_rot30_0001_intra1_inter1_N30_C0_38_4
Generating sequences for: d5_D9_chainA_Ala_trans55.0_rot30_0001_intra1_inter1_N30_C0_38_4
8 sequences of length 912 generated in 4.0819 seconds
d5_D9_chainA_Ala_trans53.0_rot30_0001_intra1_inter1_N25_C0_5_0
Generating sequences for: d5_D9_chainA_Ala_trans53.0_rot30_0001_intra1_inter1_N25_C0_5_0
8 sequences of length 882 generated in 3.9042 seconds
d5_D9_chainA_Ala_trans55.5_rot30_0001_intra1_inter1_N30_C0_14_2
Generating sequences for: d5_D9_chainA_Ala_trans55.5_rot30_0001_intra1_inter1_N30_C0_14_2
8 sequences of length 912 generated in 4.0824 seconds
d5_D9_chainA_Ala_trans55.0_rot30_0001_intra1_inter1_N30_C0_38_3
Generating sequences for: d5_D9_chainA_Ala_trans55.0_rot30_0001_intra1_inter1_N30_C0_38_3
8 sequences of length 912 generated in 4.0988 seconds
d5_D9_chainA_Ala_trans55.0_rot30_0001_intra1_inter1_N25_C0_37_0
Generating sequences for: d5_D9_chainA_Ala_trans55.0_rot30_0001_intra1_inter1_N25_C0_37_0
8 sequences of length 882 generated in 3.8863 seconds
d5_D9_chainA_Ala_trans54.0_rot30_0001_intra1_inter1_N25_C0_45_3
Generating sequences for: d5_D9_chainA_Ala_trans54.0_rot30_0001_intra1_inter1_N25_C0_45_3
8 sequences of length 882 generated in 3.8744 seconds
d5_D9_chainA_Ala_trans54.0_rot30_0001_intra1_inter1_N30_C0_46_0
Generating sequences for: d5_D9_chainA_Ala_trans54.0_rot30_0001_intra1_inter1_N30_C0_46_0
8 sequences of length 912 generated in 4.1034 seconds
d5_D9_chainA_Ala_trans54.0_rot90_0001_intra1_inter1_N40_C0_12_4
Generating sequences for: d5_D9_chainA_Ala_trans54.0_rot90_0001_intra1_inter1_N40_C0_12_4
8 sequences of length 972 generated in 4.5274 seconds
d5_D9_chainA_Ala_trans54.0_rot90_0001_intra1_inter1_N25_C0_9_1
Generating sequences for: d5_D9_chainA_Ala_trans54.0_rot90_0001_intra1_inter1_N25_C0_9_1
8 sequences of length 882 generated in 3.8936 seconds
d5_D9_chainA_Ala_trans53.5_rot90_0001_intra1_inter1_N30_C0_2_1
Generating sequences for: d5_D9_chainA_Ala_trans53.5_rot90_0001_intra1_inter1_N30_C0_2_1
8 sequences of length 912 generated in 4.0931 seconds
d5_D9_chainA_Ala_trans53.5_rot90_0001_intra1_inter1_N35_C0_3_0
Generating sequences for: d5_D9_chainA_Ala_trans53.5_rot90_0001_intra1_inter1_N35_C0_3_0
8 sequences of length 942 generated in 4.2975 seconds
d5_D9_chainA_Ala_trans54.0_rot30_0001_intra1_inter1_N25_C0_45_4
Generating sequences for: d5_D9_chainA_Ala_trans54.0_rot30_0001_intra1_inter1_N25_C0_45_4
8 sequences of length 882 generated in 3.869 seconds
d5_D9_chainA_Ala_trans55.0_rot90_0001_intra1_inter1_N35_C0_19_2
Generating sequences for: d5_D9_chainA_Ala_trans55.0_rot90_0001_intra1_inter1_N35_C0_19_2
8 sequences of length 942 generated in 4.2967 seconds
d5_D9_chainA_Ala_trans54.0_rot90_0001_intra1_inter1_N40_C0_12_3
Generating sequences for: d5_D9_chainA_Ala_trans54.0_rot90_0001_intra1_inter1_N40_C0_12_3
8 sequences of length 972 generated in 4.5092 seconds
d5_D9_chainA_Ala_trans54.5_rot90_0001_intra1_inter1_N30_C0_34_1
Generating sequences for: d5_D9_chainA_Ala_trans54.5_rot90_0001_intra1_inter1_N30_C0_34_1
8 sequences of length 912 generated in 4.0663 seconds
d5_D9_chainA_Ala_trans55.5_rot90_0001_intra1_inter1_N40_C0_44_4
Generating sequences for: d5_D9_chainA_Ala_trans55.5_rot90_0001_intra1_inter1_N40_C0_44_4
8 sequences of length 972 generated in 4.4927 seconds
d5_D9_chainA_Ala_trans55.5_rot30_0001_intra1_inter1_N25_C0_13_3
Generating sequences for: d5_D9_chainA_Ala_trans55.5_rot30_0001_intra1_inter1_N25_C0_13_3
8 sequences of length 882 generated in 3.8641 seconds
d5_D9_chainA_Ala_trans54.0_rot90_0001_intra1_inter1_N30_C0_10_2
Generating sequences for: d5_D9_chainA_Ala_trans54.0_rot90_0001_intra1_inter1_N30_C0_10_2
8 sequences of length 912 generated in 4.0753 seconds
d5_D9_chainA_Ala_trans54.5_rot30_0001_intra1_inter1_N35_C0_23_0
Generating sequences for: d5_D9_chainA_Ala_trans54.5_rot30_0001_intra1_inter1_N35_C0_23_0
8 sequences of length 942 generated in 4.2895 seconds
d5_D9_chainA_Ala_trans54.5_rot90_0001_intra1_inter1_N40_C0_36_0
Generating sequences for: d5_D9_chainA_Ala_trans54.5_rot90_0001_intra1_inter1_N40_C0_36_0
8 sequences of length 972 generated in 4.5033 seconds
d5_D9_chainA_Ala_trans53.5_rot30_0001_intra1_inter1_N25_C0_29_2
Generating sequences for: d5_D9_chainA_Ala_trans53.5_rot30_0001_intra1_inter1_N25_C0_29_2
8 sequences of length 882 generated in 3.8818 seconds
d5_D9_chainA_Ala_trans55.5_rot90_0001_intra1_inter1_N40_C0_44_3
Generating sequences for: d5_D9_chainA_Ala_trans55.5_rot90_0001_intra1_inter1_N40_C0_44_3
8 sequences of length 972 generated in 4.5148 seconds
d5_D9_chainA_Ala_trans55.5_rot30_0001_intra1_inter1_N25_C0_13_4
Generating sequences for: d5_D9_chainA_Ala_trans55.5_rot30_0001_intra1_inter1_N25_C0_13_4
8 sequences of length 882 generated in 3.8789 seconds
d5_D9_chainA_Ala_trans53.0_rot90_0001_intra1_inter1_N35_C0_27_1
Generating sequences for: d5_D9_chainA_Ala_trans53.0_rot90_0001_intra1_inter1_N35_C0_27_1
8 sequences of length 942 generated in 4.3165 seconds
d5_D9_chainA_Ala_trans53.5_rot30_0001_intra1_inter1_N35_C0_31_3
Generating sequences for: d5_D9_chainA_Ala_trans53.5_rot30_0001_intra1_inter1_N35_C0_31_3
8 sequences of length 942 generated in 4.3004 seconds
d5_D9_chainA_Ala_trans55.5_rot30_0001_intra1_inter1_N40_C0_16_3
Generating sequences for: d5_D9_chainA_Ala_trans55.5_rot30_0001_intra1_inter1_N40_C0_16_3
8 sequences of length 972 generated in 4.5092 seconds
d5_D9_chainA_Ala_trans55.5_rot90_0001_intra1_inter1_N25_C0_41_4
Generating sequences for: d5_D9_chainA_Ala_trans55.5_rot90_0001_intra1_inter1_N25_C0_41_4
8 sequences of length 882 generated in 3.8702 seconds
d5_D9_chainA_Ala_trans54.0_rot30_0001_intra1_inter1_N40_C0_48_1
Generating sequences for: d5_D9_chainA_Ala_trans54.0_rot30_0001_intra1_inter1_N40_C0_48_1
8 sequences of length 972 generated in 4.5115 seconds
d5_D9_chainA_Ala_trans55.5_rot30_0001_intra1_inter1_N40_C0_16_4
Generating sequences for: d5_D9_chainA_Ala_trans55.5_rot30_0001_intra1_inter1_N40_C0_16_4
8 sequences of length 972 generated in 4.5209 seconds
d5_D9_chainA_Ala_trans55.5_rot90_0001_intra1_inter1_N30_C0_42_0
Generating sequences for: d5_D9_chainA_Ala_trans55.5_rot90_0001_intra1_inter1_N30_C0_42_0
8 sequences of length 912 generated in 4.0699 seconds
d5_D9_chainA_Ala_trans55.5_rot90_0001_intra1_inter1_N25_C0_41_3
Generating sequences for: d5_D9_chainA_Ala_trans55.5_rot90_0001_intra1_inter1_N25_C0_41_3
8 sequences of length 882 generated in 3.8631 seconds
d5_D9_chainA_Ala_trans54.5_rot90_0001_intra1_inter1_N25_C0_33_0
Generating sequences for: d5_D9_chainA_Ala_trans54.5_rot90_0001_intra1_inter1_N25_C0_33_0
8 sequences of length 882 generated in 3.8561 seconds
d5_D9_chainA_Ala_trans53.5_rot90_0001_intra1_inter1_N40_C0_4_0
Generating sequences for: d5_D9_chainA_Ala_trans53.5_rot90_0001_intra1_inter1_N40_C0_4_0
8 sequences of length 972 generated in 4.5011 seconds
d5_D9_chainA_Ala_trans53.5_rot30_0001_intra1_inter1_N35_C0_31_4
Generating sequences for: d5_D9_chainA_Ala_trans53.5_rot30_0001_intra1_inter1_N35_C0_31_4
8 sequences of length 942 generated in 4.3016 seconds
d5_D9_chainA_Ala_trans54.0_rot90_0001_intra1_inter1_N35_C0_11_0
Generating sequences for: d5_D9_chainA_Ala_trans54.0_rot90_0001_intra1_inter1_N35_C0_11_0
8 sequences of length 942 generated in 4.3139 seconds
d5_D9_chainA_Ala_trans53.0_rot30_0001_intra1_inter1_N30_C0_6_4
Generating sequences for: d5_D9_chainA_Ala_trans53.0_rot30_0001_intra1_inter1_N30_C0_6_4
8 sequences of length 912 generated in 4.0682 seconds
d5_D9_chainA_Ala_trans54.5_rot30_0001_intra1_inter1_N30_C0_22_2
Generating sequences for: d5_D9_chainA_Ala_trans54.5_rot30_0001_intra1_inter1_N30_C0_22_2
8 sequences of length 912 generated in 4.0694 seconds
d5_D9_chainA_Ala_trans54.5_rot30_0001_intra1_inter1_N25_C0_21_1
Generating sequences for: d5_D9_chainA_Ala_trans54.5_rot30_0001_intra1_inter1_N25_C0_21_1
8 sequences of length 882 generated in 3.9291 seconds
d5_D9_chainA_Ala_trans53.0_rot30_0001_intra1_inter1_N35_C0_7_2
Generating sequences for: d5_D9_chainA_Ala_trans53.0_rot30_0001_intra1_inter1_N35_C0_7_2
8 sequences of length 942 generated in 4.2976 seconds
d5_D9_chainA_Ala_trans53.0_rot30_0001_intra1_inter1_N30_C0_6_3
Generating sequences for: d5_D9_chainA_Ala_trans53.0_rot30_0001_intra1_inter1_N30_C0_6_3
8 sequences of length 912 generated in 4.0689 seconds
d5_D9_chainA_Ala_trans55.5_rot90_0001_intra1_inter1_N35_C0_43_2
Generating sequences for: d5_D9_chainA_Ala_trans55.5_rot90_0001_intra1_inter1_N35_C0_43_2
8 sequences of length 942 generated in 4.3568 seconds
d5_D9_chainA_Ala_trans53.0_rot90_0001_intra1_inter1_N30_C0_26_4
Generating sequences for: d5_D9_chainA_Ala_trans53.0_rot90_0001_intra1_inter1_N30_C0_26_4
8 sequences of length 912 generated in 4.0871 seconds
d5_D9_chainA_Ala_trans54.5_rot30_0001_intra1_inter1_N40_C0_24_1
Generating sequences for: d5_D9_chainA_Ala_trans54.5_rot30_0001_intra1_inter1_N40_C0_24_1
8 sequences of length 972 generated in 4.5481 seconds
d5_D9_chainA_Ala_trans53.5_rot90_0001_intra1_inter1_N25_C0_1_2
Generating sequences for: d5_D9_chainA_Ala_trans53.5_rot90_0001_intra1_inter1_N25_C0_1_2
8 sequences of length 882 generated in 3.8856 seconds
d5_D9_chainA_Ala_trans53.0_rot90_0001_intra1_inter1_N25_C0_25_0
Generating sequences for: d5_D9_chainA_Ala_trans53.0_rot90_0001_intra1_inter1_N25_C0_25_0
8 sequences of length 882 generated in 3.8849 seconds
d5_D9_chainA_Ala_trans53.0_rot90_0001_intra1_inter1_N30_C0_26_3
Generating sequences for: d5_D9_chainA_Ala_trans53.0_rot90_0001_intra1_inter1_N30_C0_26_3
8 sequences of length 912 generated in 4.0971 seconds
d5_D9_chainA_Ala_trans53.5_rot30_0001_intra1_inter1_N30_C0_30_1
Generating sequences for: d5_D9_chainA_Ala_trans53.5_rot30_0001_intra1_inter1_N30_C0_30_1
8 sequences of length 912 generated in 4.0981 seconds
d5_D9_chainA_Ala_trans53.0_rot30_0001_intra1_inter1_N40_C0_8_0
Generating sequences for: d5_D9_chainA_Ala_trans53.0_rot30_0001_intra1_inter1_N40_C0_8_0
8 sequences of length 972 generated in 4.5501 seconds
d5_D9_chainA_Ala_trans53.5_rot90_0001_intra1_inter1_N35_C0_3_1
Generating sequences for: d5_D9_chainA_Ala_trans53.5_rot90_0001_intra1_inter1_N35_C0_3_1
8 sequences of length 942 generated in 4.31 seconds
d5_D9_chainA_Ala_trans55.0_rot90_0001_intra1_inter1_N35_C0_19_3
Generating sequences for: d5_D9_chainA_Ala_trans55.0_rot90_0001_intra1_inter1_N35_C0_19_3
8 sequences of length 942 generated in 4.307 seconds
d5_D9_chainA_Ala_trans54.0_rot90_0001_intra1_inter1_N40_C0_12_2
Generating sequences for: d5_D9_chainA_Ala_trans54.0_rot90_0001_intra1_inter1_N40_C0_12_2
8 sequences of length 972 generated in 4.5235 seconds
d5_D9_chainA_Ala_trans54.5_rot90_0001_intra1_inter1_N30_C0_34_0
Generating sequences for: d5_D9_chainA_Ala_trans54.5_rot90_0001_intra1_inter1_N30_C0_34_0
8 sequences of length 912 generated in 4.0826 seconds
d5_D9_chainA_Ala_trans55.0_rot30_0001_intra1_inter1_N25_C0_37_1
Generating sequences for: d5_D9_chainA_Ala_trans55.0_rot30_0001_intra1_inter1_N25_C0_37_1
8 sequences of length 882 generated in 3.8809 seconds
d5_D9_chainA_Ala_trans54.0_rot30_0001_intra1_inter1_N30_C0_46_1
Generating sequences for: d5_D9_chainA_Ala_trans54.0_rot30_0001_intra1_inter1_N30_C0_46_1
8 sequences of length 912 generated in 4.1093 seconds
d5_D9_chainA_Ala_trans55.0_rot90_0001_intra1_inter1_N35_C0_19_4
Generating sequences for: d5_D9_chainA_Ala_trans55.0_rot90_0001_intra1_inter1_N35_C0_19_4
8 sequences of length 942 generated in 4.3149 seconds
d5_D9_chainA_Ala_trans54.0_rot30_0001_intra1_inter1_N25_C0_45_2
Generating sequences for: d5_D9_chainA_Ala_trans54.0_rot30_0001_intra1_inter1_N25_C0_45_2
8 sequences of length 882 generated in 3.8799 seconds
d5_D9_chainA_Ala_trans54.0_rot90_0001_intra1_inter1_N25_C0_9_0
Generating sequences for: d5_D9_chainA_Ala_trans54.0_rot90_0001_intra1_inter1_N25_C0_9_0
8 sequences of length 882 generated in 3.8932 seconds
d5_D9_chainA_Ala_trans53.5_rot90_0001_intra1_inter1_N30_C0_2_0
Generating sequences for: d5_D9_chainA_Ala_trans53.5_rot90_0001_intra1_inter1_N30_C0_2_0
8 sequences of length 912 generated in 4.0952 seconds
d5_D9_chainA_Ala_trans55.5_rot30_0001_intra1_inter1_N30_C0_14_4
Generating sequences for: d5_D9_chainA_Ala_trans55.5_rot30_0001_intra1_inter1_N30_C0_14_4
8 sequences of length 912 generated in 4.0846 seconds
d5_D9_chainA_Ala_trans55.0_rot30_0001_intra1_inter1_N30_C0_38_2
Generating sequences for: d5_D9_chainA_Ala_trans55.0_rot30_0001_intra1_inter1_N30_C0_38_2
8 sequences of length 912 generated in 4.0802 seconds
d5_D9_chainA_Ala_trans53.0_rot30_0001_intra1_inter1_N25_C0_5_1
Generating sequences for: d5_D9_chainA_Ala_trans53.0_rot30_0001_intra1_inter1_N25_C0_5_1
8 sequences of length 882 generated in 3.8932 seconds
d5_D9_chainA_Ala_trans55.5_rot30_0001_intra1_inter1_N30_C0_14_3
Generating sequences for: d5_D9_chainA_Ala_trans55.5_rot30_0001_intra1_inter1_N30_C0_14_3
8 sequences of length 912 generated in 4.0765 seconds
d5_D9_chainA_Ala_trans53.0_rot90_0001_intra1_inter1_N40_C0_28_4
Generating sequences for: d5_D9_chainA_Ala_trans53.0_rot90_0001_intra1_inter1_N40_C0_28_4
8 sequences of length 972 generated in 4.5218 seconds
d5_D9_chainA_Ala_trans55.0_rot90_0001_intra1_inter1_N40_C0_20_0
Generating sequences for: d5_D9_chainA_Ala_trans55.0_rot90_0001_intra1_inter1_N40_C0_20_0
8 sequences of length 972 generated in 4.51 seconds
d5_D9_chainA_Ala_trans54.0_rot30_0001_intra1_inter1_N35_C0_47_3
Generating sequences for: d5_D9_chainA_Ala_trans54.0_rot30_0001_intra1_inter1_N35_C0_47_3
8 sequences of length 942 generated in 4.298 seconds
d5_D9_chainA_Ala_trans55.0_rot90_0001_intra1_inter1_N30_C0_18_1
Generating sequences for: d5_D9_chainA_Ala_trans55.0_rot90_0001_intra1_inter1_N30_C0_18_1
8 sequences of length 912 generated in 4.0888 seconds
d5_D9_chainA_Ala_trans54.0_rot30_0001_intra1_inter1_N35_C0_47_4
Generating sequences for: d5_D9_chainA_Ala_trans54.0_rot30_0001_intra1_inter1_N35_C0_47_4
8 sequences of length 942 generated in 4.3291 seconds
d5_D9_chainA_Ala_trans54.5_rot90_0001_intra1_inter1_N35_C0_35_2
Generating sequences for: d5_D9_chainA_Ala_trans54.5_rot90_0001_intra1_inter1_N35_C0_35_2
8 sequences of length 942 generated in 4.3194 seconds
d5_D9_chainA_Ala_trans53.0_rot90_0001_intra1_inter1_N40_C0_28_3
Generating sequences for: d5_D9_chainA_Ala_trans53.0_rot90_0001_intra1_inter1_N40_C0_28_3
8 sequences of length 972 generated in 4.5064 seconds
d5_D9_chainA_Ala_trans53.5_rot30_0001_intra1_inter1_N40_C0_32_1
Generating sequences for: d5_D9_chainA_Ala_trans53.5_rot30_0001_intra1_inter1_N40_C0_32_1
8 sequences of length 972 generated in 4.5165 seconds
d5_D9_chainA_Ala_trans55.5_rot30_0001_intra1_inter1_N35_C0_15_1
Generating sequences for: d5_D9_chainA_Ala_trans55.5_rot30_0001_intra1_inter1_N35_C0_15_1
8 sequences of length 942 generated in 4.314 seconds
d5_D9_chainA_Ala_trans55.0_rot90_0001_intra1_inter1_N25_C0_17_2
Generating sequences for: d5_D9_chainA_Ala_trans55.0_rot90_0001_intra1_inter1_N25_C0_17_2
8 sequences of length 882 generated in 3.8888 seconds
d5_D9_chainA_Ala_trans55.0_rot30_0001_intra1_inter1_N40_C0_40_2
Generating sequences for: d5_D9_chainA_Ala_trans55.0_rot30_0001_intra1_inter1_N40_C0_40_2
8 sequences of length 972 generated in 4.5123 seconds
d5_D9_chainA_Ala_trans55.0_rot30_0001_intra1_inter1_N35_C0_39_0
Generating sequences for: d5_D9_chainA_Ala_trans55.0_rot30_0001_intra1_inter1_N35_C0_39_0
8 sequences of length 942 generated in 4.3276 seconds
d5_D9_chainA_Ala_trans53.0_rot90_0001_intra1_inter1_N30_C0_26_2
Generating sequences for: d5_D9_chainA_Ala_trans53.0_rot90_0001_intra1_inter1_N30_C0_26_2
8 sequences of length 912 generated in 4.0901 seconds
d5_D9_chainA_Ala_trans53.0_rot90_0001_intra1_inter1_N25_C0_25_1
Generating sequences for: d5_D9_chainA_Ala_trans53.0_rot90_0001_intra1_inter1_N25_C0_25_1
8 sequences of length 882 generated in 3.872 seconds
d5_D9_chainA_Ala_trans53.5_rot90_0001_intra1_inter1_N25_C0_1_3
Generating sequences for: d5_D9_chainA_Ala_trans53.5_rot90_0001_intra1_inter1_N25_C0_1_3
8 sequences of length 882 generated in 3.8843 seconds
d5_D9_chainA_Ala_trans53.5_rot30_0001_intra1_inter1_N30_C0_30_0
Generating sequences for: d5_D9_chainA_Ala_trans53.5_rot30_0001_intra1_inter1_N30_C0_30_0
8 sequences of length 912 generated in 4.0857 seconds
d5_D9_chainA_Ala_trans53.0_rot30_0001_intra1_inter1_N40_C0_8_1
Generating sequences for: d5_D9_chainA_Ala_trans53.0_rot30_0001_intra1_inter1_N40_C0_8_1
8 sequences of length 972 generated in 4.514 seconds
d5_D9_chainA_Ala_trans55.5_rot90_0001_intra1_inter1_N35_C0_43_4
Generating sequences for: d5_D9_chainA_Ala_trans55.5_rot90_0001_intra1_inter1_N35_C0_43_4
8 sequences of length 942 generated in 4.3211 seconds
d5_D9_chainA_Ala_trans55.5_rot90_0001_intra1_inter1_N35_C0_43_3
Generating sequences for: d5_D9_chainA_Ala_trans55.5_rot90_0001_intra1_inter1_N35_C0_43_3
8 sequences of length 942 generated in 4.3241 seconds
d5_D9_chainA_Ala_trans53.5_rot90_0001_intra1_inter1_N25_C0_1_4
Generating sequences for: d5_D9_chainA_Ala_trans53.5_rot90_0001_intra1_inter1_N25_C0_1_4
8 sequences of length 882 generated in 3.887 seconds
d5_D9_chainA_Ala_trans54.5_rot30_0001_intra1_inter1_N40_C0_24_0
Generating sequences for: d5_D9_chainA_Ala_trans54.5_rot30_0001_intra1_inter1_N40_C0_24_0
8 sequences of length 972 generated in 4.532 seconds
d5_D9_chainA_Ala_trans53.0_rot30_0001_intra1_inter1_N30_C0_6_2
Generating sequences for: d5_D9_chainA_Ala_trans53.0_rot30_0001_intra1_inter1_N30_C0_6_2
8 sequences of length 912 generated in 4.0811 seconds
d5_D9_chainA_Ala_trans54.5_rot30_0001_intra1_inter1_N30_C0_22_4
Generating sequences for: d5_D9_chainA_Ala_trans54.5_rot30_0001_intra1_inter1_N30_C0_22_4
8 sequences of length 912 generated in 4.0941 seconds
d5_D9_chainA_Ala_trans53.0_rot30_0001_intra1_inter1_N35_C0_7_4
Generating sequences for: d5_D9_chainA_Ala_trans53.0_rot30_0001_intra1_inter1_N35_C0_7_4
8 sequences of length 942 generated in 4.3248 seconds
d5_D9_chainA_Ala_trans54.0_rot90_0001_intra1_inter1_N35_C0_11_1
Generating sequences for: d5_D9_chainA_Ala_trans54.0_rot90_0001_intra1_inter1_N35_C0_11_1
8 sequences of length 942 generated in 4.3194 seconds
d5_D9_chainA_Ala_trans54.5_rot30_0001_intra1_inter1_N25_C0_21_0
Generating sequences for: d5_D9_chainA_Ala_trans54.5_rot30_0001_intra1_inter1_N25_C0_21_0
8 sequences of length 882 generated in 3.893 seconds
d5_D9_chainA_Ala_trans54.5_rot30_0001_intra1_inter1_N30_C0_22_3
Generating sequences for: d5_D9_chainA_Ala_trans54.5_rot30_0001_intra1_inter1_N30_C0_22_3
8 sequences of length 912 generated in 4.1087 seconds
d5_D9_chainA_Ala_trans53.0_rot30_0001_intra1_inter1_N35_C0_7_3
Generating sequences for: d5_D9_chainA_Ala_trans53.0_rot30_0001_intra1_inter1_N35_C0_7_3
8 sequences of length 942 generated in 4.3233 seconds
d5_D9_chainA_Ala_trans55.5_rot90_0001_intra1_inter1_N25_C0_41_2
Generating sequences for: d5_D9_chainA_Ala_trans55.5_rot90_0001_intra1_inter1_N25_C0_41_2
8 sequences of length 882 generated in 3.8817 seconds
d5_D9_chainA_Ala_trans54.0_rot30_0001_intra1_inter1_N40_C0_48_0
Generating sequences for: d5_D9_chainA_Ala_trans54.0_rot30_0001_intra1_inter1_N40_C0_48_0
8 sequences of length 972 generated in 4.514 seconds
d5_D9_chainA_Ala_trans55.5_rot90_0001_intra1_inter1_N30_C0_42_1
Generating sequences for: d5_D9_chainA_Ala_trans55.5_rot90_0001_intra1_inter1_N30_C0_42_1
8 sequences of length 912 generated in 4.1224 seconds
d5_D9_chainA_Ala_trans53.5_rot90_0001_intra1_inter1_N40_C0_4_1
Generating sequences for: d5_D9_chainA_Ala_trans53.5_rot90_0001_intra1_inter1_N40_C0_4_1
8 sequences of length 972 generated in 4.5107 seconds
d5_D9_chainA_Ala_trans54.5_rot90_0001_intra1_inter1_N25_C0_33_1
Generating sequences for: d5_D9_chainA_Ala_trans54.5_rot90_0001_intra1_inter1_N25_C0_33_1
8 sequences of length 882 generated in 3.8691 seconds
d5_D9_chainA_Ala_trans53.0_rot90_0001_intra1_inter1_N35_C0_27_0
Generating sequences for: d5_D9_chainA_Ala_trans53.0_rot90_0001_intra1_inter1_N35_C0_27_0
8 sequences of length 942 generated in 4.3007 seconds
d5_D9_chainA_Ala_trans53.5_rot30_0001_intra1_inter1_N35_C0_31_2
Generating sequences for: d5_D9_chainA_Ala_trans53.5_rot30_0001_intra1_inter1_N35_C0_31_2
8 sequences of length 942 generated in 4.3269 seconds
d5_D9_chainA_Ala_trans55.5_rot30_0001_intra1_inter1_N40_C0_16_2
Generating sequences for: d5_D9_chainA_Ala_trans55.5_rot30_0001_intra1_inter1_N40_C0_16_2
8 sequences of length 972 generated in 4.509 seconds
d5_D9_chainA_Ala_trans54.0_rot90_0001_intra1_inter1_N30_C0_10_3
Generating sequences for: d5_D9_chainA_Ala_trans54.0_rot90_0001_intra1_inter1_N30_C0_10_3
8 sequences of length 912 generated in 4.1177 seconds
d5_D9_chainA_Ala_trans54.5_rot30_0001_intra1_inter1_N35_C0_23_1
Generating sequences for: d5_D9_chainA_Ala_trans54.5_rot30_0001_intra1_inter1_N35_C0_23_1
8 sequences of length 942 generated in 4.2934 seconds
d5_D9_chainA_Ala_trans52.0_rot30_0002_intra1_inter1_N28_C0_1_0
Generating sequences for: d5_D9_chainA_Ala_trans52.0_rot30_0002_intra1_inter1_N28_C0_1_0
8 sequences of length 900 generated in 3.9811 seconds
d5_D9_chainA_Ala_trans54.5_rot90_0001_intra1_inter1_N40_C0_36_1
Generating sequences for: d5_D9_chainA_Ala_trans54.5_rot90_0001_intra1_inter1_N40_C0_36_1
8 sequences of length 972 generated in 4.5551 seconds
d5_D9_chainA_Ala_trans53.5_rot30_0001_intra1_inter1_N25_C0_29_3
Generating sequences for: d5_D9_chainA_Ala_trans53.5_rot30_0001_intra1_inter1_N25_C0_29_3
8 sequences of length 882 generated in 3.8919 seconds
d5_D9_chainA_Ala_trans55.5_rot90_0001_intra1_inter1_N40_C0_44_2
Generating sequences for: d5_D9_chainA_Ala_trans55.5_rot90_0001_intra1_inter1_N40_C0_44_2
8 sequences of length 972 generated in 4.5279 seconds
d5_D9_chainA_Ala_trans53.5_rot30_0001_intra1_inter1_N25_C0_29_4
Generating sequences for: d5_D9_chainA_Ala_trans53.5_rot30_0001_intra1_inter1_N25_C0_29_4
8 sequences of length 882 generated in 3.8846 seconds
d5_D9_chainA_Ala_trans55.5_rot30_0001_intra1_inter1_N25_C0_13_2
Generating sequences for: d5_D9_chainA_Ala_trans55.5_rot30_0001_intra1_inter1_N25_C0_13_2
8 sequences of length 882 generated in 3.9026 seconds
d5_D9_chainA_Ala_trans54.0_rot90_0001_intra1_inter1_N30_C0_10_4
Generating sequences for: d5_D9_chainA_Ala_trans54.0_rot90_0001_intra1_inter1_N30_C0_10_4
8 sequences of length 912 generated in 4.095 seconds
